<?xml version="1.0" encoding="UTF-8"?>
<!-- Generated by org.testng.reporters.JUnitXMLReporter -->
<testsuite ignored="0" hostname="CMLPT015" failures="0" tests="5" name="Default test" time="42.33" errors="0" timestamp="08 Jan 2020 09:56:05 GMT">
  <testcase classname="com.pkg.runner.GetMerit" name="getSearchResult" time="6.39"/>
  <testcase classname="com.pkg.runner.GetMerit" name="getSearchResult" time="5.486"/>
  <testcase classname="com.pkg.runner.GetMerit" name="getSearchResult" time="5.481"/>
  <testcase classname="com.pkg.runner.GetMerit" name="getSearchResult" time="4.927"/>
  <testcase classname="com.pkg.runner.GetMerit" name="getSearchResult" time="4.793"/>
</testsuite> <!-- Default test -->
