<?xml version="1.0" encoding="UTF-8"?>
<!-- Generated by org.testng.reporters.JUnitXMLReporter -->
<testsuite hostname="CMLPT015" ignored="0" name="Default test" tests="5" failures="0" timestamp="06 Jan 2020 10:31:56 GMT" time="27.49" errors="0">
  <testcase name="getSearchResult" time="3.898" classname="com.pkg.runner.GetMerit"/>
  <testcase name="getSearchResult" time="3.483" classname="com.pkg.runner.GetMerit"/>
  <testcase name="getSearchResult" time="3.292" classname="com.pkg.runner.GetMerit"/>
  <testcase name="getSearchResult" time="5.086" classname="com.pkg.runner.GetMerit"/>
  <testcase name="getSearchResult" time="3.813" classname="com.pkg.runner.GetMerit"/>
</testsuite> <!-- Default test -->
