<?xml version="1.0" encoding="UTF-8"?>
<!-- Generated by org.testng.reporters.JUnitXMLReporter -->
<testsuite hostname="CMLPT015" ignored="0" name="Test" tests="5" failures="0" timestamp="06 Jan 2020 10:33:46 GMT" time="25.018" errors="0">
  <testcase name="getSearchResult" time="3.608" classname="com.pkg.runner.GetMerit"/>
  <testcase name="getSearchResult" time="3.158" classname="com.pkg.runner.GetMerit"/>
  <testcase name="getSearchResult" time="3.612" classname="com.pkg.runner.GetMerit"/>
  <testcase name="getSearchResult" time="3.256" classname="com.pkg.runner.GetMerit"/>
  <testcase name="getSearchResult" time="3.484" classname="com.pkg.runner.GetMerit"/>
</testsuite> <!-- Test -->
