<?xml version="1.0" encoding="UTF-8"?>
<!-- Generated by org.testng.reporters.JUnitXMLReporter -->
<testsuite ignored="0" hostname="CMLPT015" failures="0" tests="5" name="Test" time="26.85" errors="0" timestamp="06 Jan 2020 10:52:24 GMT">
  <testcase classname="com.pkg.runner.GetMerit" name="getSearchResult" time="4.302"/>
  <testcase classname="com.pkg.runner.GetMerit" name="getSearchResult" time="3.728"/>
  <testcase classname="com.pkg.runner.GetMerit" name="getSearchResult" time="3.673"/>
  <testcase classname="com.pkg.runner.GetMerit" name="getSearchResult" time="3.474"/>
  <testcase classname="com.pkg.runner.GetMerit" name="getSearchResult" time="3.523"/>
</testsuite> <!-- Test -->
