<?xml version="1.0" encoding="UTF-8"?>
<testsuite xmlns:xsi="http://www.w3.org/2001/XMLSchema-instance" xsi:noNamespaceSchemaLocation="https://maven.apache.org/surefire/maven-surefire-plugin/xsd/surefire-test-report.xsd" name="TestSuite" time="28.355" tests="5" errors="0" skipped="0" failures="0">
  <properties>
[...]
</properties>
  <testcase name="getSearchResult" classname="com.pkg.runner.GetMerit" time="4.302"/>
  <testcase name="getSearchResult" classname="com.pkg.runner.GetMerit" time="3.724"/>
  <testcase name="getSearchResult" classname="com.pkg.runner.GetMerit" time="3.676"/>
  <testcase name="getSearchResult" classname="com.pkg.runner.GetMerit" time="3.472"/>
  <testcase name="getSearchResult" classname="com.pkg.runner.GetMerit" time="3.522"/>
</testsuite>