<?xml version="1.0" encoding="UTF-8"?>
<testng-results ignored="0" total="5" passed="5" failed="0" skipped="0">
  <reporter-output>
  </reporter-output>
  <suite started-at="2020-01-06T10:51:57Z" name="Suite" finished-at="2020-01-06T10:52:24Z" duration-ms="26850">
    <groups>
    </groups>
    <test started-at="2020-01-06T10:51:57Z" name="Test" finished-at="2020-01-06T10:52:24Z" duration-ms="26850">
      <class name="com.pkg.runner.GetMerit">
        <test-method is-config="true" signature="beforeTest()[pri:0, instance:com.pkg.runner.GetMerit@120d6fe6]" started-at="2020-01-06T10:51:57Z" name="beforeTest" finished-at="2020-01-06T10:52:05Z" duration-ms="7929" status="PASS">
          <reporter-output>
          </reporter-output>
        </test-method> <!-- beforeTest -->
        <test-method signature="getSearchResult(int)[pri:0, instance:com.pkg.runner.GetMerit@120d6fe6]" started-at="2020-01-06T10:52:05Z" name="getSearchResult" data-provider="dp" finished-at="2020-01-06T10:52:10Z" duration-ms="4302" status="PASS">
          <params>
            <param index="0">
              <value>
                <![CDATA[856001]]>
              </value>
            </param>
          </params>
          <reporter-output>
          </reporter-output>
        </test-method> <!-- getSearchResult -->
        <test-method signature="getSearchResult(int)[pri:0, instance:com.pkg.runner.GetMerit@120d6fe6]" started-at="2020-01-06T10:52:10Z" name="getSearchResult" data-provider="dp" finished-at="2020-01-06T10:52:13Z" duration-ms="3728" status="PASS">
          <params>
            <param index="0">
              <value>
                <![CDATA[856002]]>
              </value>
            </param>
          </params>
          <reporter-output>
          </reporter-output>
        </test-method> <!-- getSearchResult -->
        <test-method signature="getSearchResult(int)[pri:0, instance:com.pkg.runner.GetMerit@120d6fe6]" started-at="2020-01-06T10:52:13Z" name="getSearchResult" data-provider="dp" finished-at="2020-01-06T10:52:17Z" duration-ms="3673" status="PASS">
          <params>
            <param index="0">
              <value>
                <![CDATA[856003]]>
              </value>
            </param>
          </params>
          <reporter-output>
          </reporter-output>
        </test-method> <!-- getSearchResult -->
        <test-method signature="getSearchResult(int)[pri:0, instance:com.pkg.runner.GetMerit@120d6fe6]" started-at="2020-01-06T10:52:17Z" name="getSearchResult" data-provider="dp" finished-at="2020-01-06T10:52:20Z" duration-ms="3474" status="PASS">
          <params>
            <param index="0">
              <value>
                <![CDATA[856004]]>
              </value>
            </param>
          </params>
          <reporter-output>
          </reporter-output>
        </test-method> <!-- getSearchResult -->
        <test-method signature="getSearchResult(int)[pri:0, instance:com.pkg.runner.GetMerit@120d6fe6]" started-at="2020-01-06T10:52:20Z" name="getSearchResult" data-provider="dp" finished-at="2020-01-06T10:52:24Z" duration-ms="3523" status="PASS">
          <params>
            <param index="0">
              <value>
                <![CDATA[856006]]>
              </value>
            </param>
          </params>
          <reporter-output>
          </reporter-output>
        </test-method> <!-- getSearchResult -->
        <test-method is-config="true" signature="afterTest()[pri:0, instance:com.pkg.runner.GetMerit@120d6fe6]" started-at="2020-01-06T10:52:24Z" name="afterTest" finished-at="2020-01-06T10:52:24Z" duration-ms="179" status="PASS">
          <reporter-output>
          </reporter-output>
        </test-method> <!-- afterTest -->
      </class> <!-- com.pkg.runner.GetMerit -->
    </test> <!-- Test -->
  </suite> <!-- Suite -->
</testng-results>
