<?xml version="1.0" encoding="UTF-8"?>
<testng-results ignored="0" total="5" passed="5" failed="0" skipped="0">
  <reporter-output>
  </reporter-output>
  <suite started-at="2020-01-08T09:55:23Z" name="Default suite" finished-at="2020-01-08T09:56:05Z" duration-ms="42330">
    <groups>
    </groups>
    <test started-at="2020-01-08T09:55:23Z" name="Default test" finished-at="2020-01-08T09:56:05Z" duration-ms="42330">
      <class name="com.pkg.runner.GetMerit">
        <test-method is-config="true" signature="beforeTest()[pri:0, instance:com.pkg.runner.GetMerit@71c8becc]" started-at="2020-01-08T09:55:23Z" name="beforeTest" finished-at="2020-01-08T09:55:38Z" duration-ms="14990" status="PASS">
          <reporter-output>
          </reporter-output>
        </test-method> <!-- beforeTest -->
        <test-method signature="getSearchResult(int)[pri:0, instance:com.pkg.runner.GetMerit@71c8becc]" started-at="2020-01-08T09:55:38Z" name="getSearchResult" data-provider="dp" finished-at="2020-01-08T09:55:44Z" duration-ms="6390" status="PASS">
          <params>
            <param index="0">
              <value>
                <![CDATA[856001]]>
              </value>
            </param>
          </params>
          <reporter-output>
          </reporter-output>
        </test-method> <!-- getSearchResult -->
        <test-method signature="getSearchResult(int)[pri:0, instance:com.pkg.runner.GetMerit@71c8becc]" started-at="2020-01-08T09:55:44Z" name="getSearchResult" data-provider="dp" finished-at="2020-01-08T09:55:50Z" duration-ms="5486" status="PASS">
          <params>
            <param index="0">
              <value>
                <![CDATA[856002]]>
              </value>
            </param>
          </params>
          <reporter-output>
          </reporter-output>
        </test-method> <!-- getSearchResult -->
        <test-method signature="getSearchResult(int)[pri:0, instance:com.pkg.runner.GetMerit@71c8becc]" started-at="2020-01-08T09:55:50Z" name="getSearchResult" data-provider="dp" finished-at="2020-01-08T09:55:55Z" duration-ms="5481" status="PASS">
          <params>
            <param index="0">
              <value>
                <![CDATA[856003]]>
              </value>
            </param>
          </params>
          <reporter-output>
          </reporter-output>
        </test-method> <!-- getSearchResult -->
        <test-method signature="getSearchResult(int)[pri:0, instance:com.pkg.runner.GetMerit@71c8becc]" started-at="2020-01-08T09:55:55Z" name="getSearchResult" data-provider="dp" finished-at="2020-01-08T09:56:00Z" duration-ms="4927" status="PASS">
          <params>
            <param index="0">
              <value>
                <![CDATA[856004]]>
              </value>
            </param>
          </params>
          <reporter-output>
          </reporter-output>
        </test-method> <!-- getSearchResult -->
        <test-method signature="getSearchResult(int)[pri:0, instance:com.pkg.runner.GetMerit@71c8becc]" started-at="2020-01-08T09:56:00Z" name="getSearchResult" data-provider="dp" finished-at="2020-01-08T09:56:05Z" duration-ms="4793" status="PASS">
          <params>
            <param index="0">
              <value>
                <![CDATA[856006]]>
              </value>
            </param>
          </params>
          <reporter-output>
          </reporter-output>
        </test-method> <!-- getSearchResult -->
        <test-method is-config="true" signature="afterTest()[pri:0, instance:com.pkg.runner.GetMerit@71c8becc]" started-at="2020-01-08T09:56:05Z" name="afterTest" finished-at="2020-01-08T09:56:05Z" duration-ms="200" status="PASS">
          <reporter-output>
          </reporter-output>
        </test-method> <!-- afterTest -->
      </class> <!-- com.pkg.runner.GetMerit -->
    </test> <!-- Default test -->
  </suite> <!-- Default suite -->
</testng-results>
