<?xml version="1.0" encoding="UTF-8"?>
<testng-results skipped="0" failed="0" ignored="0" total="5" passed="5">
  <reporter-output>
  </reporter-output>
  <suite name="Suite" duration-ms="25018" started-at="2020-01-06T10:33:21Z" finished-at="2020-01-06T10:33:46Z">
    <groups>
    </groups>
    <test name="Test" duration-ms="25018" started-at="2020-01-06T10:33:21Z" finished-at="2020-01-06T10:33:46Z">
      <class name="com.pkg.runner.GetMerit">
        <test-method status="PASS" signature="beforeTest()[pri:0, instance:com.pkg.runner.GetMerit@42d80b78]" name="beforeTest" is-config="true" duration-ms="7606" started-at="2020-01-06T10:33:21Z" finished-at="2020-01-06T10:33:29Z">
          <reporter-output>
          </reporter-output>
        </test-method> <!-- beforeTest -->
        <test-method status="PASS" signature="getSearchResult(int)[pri:0, instance:com.pkg.runner.GetMerit@42d80b78]" name="getSearchResult" duration-ms="3608" started-at="2020-01-06T10:33:29Z" data-provider="dp" finished-at="2020-01-06T10:33:33Z">
          <params>
            <param index="0">
              <value>
                <![CDATA[856001]]>
              </value>
            </param>
          </params>
          <reporter-output>
          </reporter-output>
        </test-method> <!-- getSearchResult -->
        <test-method status="PASS" signature="getSearchResult(int)[pri:0, instance:com.pkg.runner.GetMerit@42d80b78]" name="getSearchResult" duration-ms="3158" started-at="2020-01-06T10:33:33Z" data-provider="dp" finished-at="2020-01-06T10:33:36Z">
          <params>
            <param index="0">
              <value>
                <![CDATA[856002]]>
              </value>
            </param>
          </params>
          <reporter-output>
          </reporter-output>
        </test-method> <!-- getSearchResult -->
        <test-method status="PASS" signature="getSearchResult(int)[pri:0, instance:com.pkg.runner.GetMerit@42d80b78]" name="getSearchResult" duration-ms="3612" started-at="2020-01-06T10:33:36Z" data-provider="dp" finished-at="2020-01-06T10:33:39Z">
          <params>
            <param index="0">
              <value>
                <![CDATA[856003]]>
              </value>
            </param>
          </params>
          <reporter-output>
          </reporter-output>
        </test-method> <!-- getSearchResult -->
        <test-method status="PASS" signature="getSearchResult(int)[pri:0, instance:com.pkg.runner.GetMerit@42d80b78]" name="getSearchResult" duration-ms="3256" started-at="2020-01-06T10:33:39Z" data-provider="dp" finished-at="2020-01-06T10:33:43Z">
          <params>
            <param index="0">
              <value>
                <![CDATA[856004]]>
              </value>
            </param>
          </params>
          <reporter-output>
          </reporter-output>
        </test-method> <!-- getSearchResult -->
        <test-method status="PASS" signature="getSearchResult(int)[pri:0, instance:com.pkg.runner.GetMerit@42d80b78]" name="getSearchResult" duration-ms="3484" started-at="2020-01-06T10:33:43Z" data-provider="dp" finished-at="2020-01-06T10:33:46Z">
          <params>
            <param index="0">
              <value>
                <![CDATA[856006]]>
              </value>
            </param>
          </params>
          <reporter-output>
          </reporter-output>
        </test-method> <!-- getSearchResult -->
        <test-method status="PASS" signature="afterTest()[pri:0, instance:com.pkg.runner.GetMerit@42d80b78]" name="afterTest" is-config="true" duration-ms="208" started-at="2020-01-06T10:33:46Z" finished-at="2020-01-06T10:33:46Z">
          <reporter-output>
          </reporter-output>
        </test-method> <!-- afterTest -->
      </class> <!-- com.pkg.runner.GetMerit -->
    </test> <!-- Test -->
  </suite> <!-- Suite -->
</testng-results>
